Arguments: 
  /usr/local/bin/node /usr/local/bin/yarn deploy

PATH: 
  /usr/local/bin:/usr/bin:/bin:/usr/sbin:/sbin

Yarn version: 
  1.21.1

Node version: 
  12.14.1

Platform: 
  darwin x64

Trace: 
  SyntaxError: /Users/xiaojie96/Downloads/speedinterview/package.json: Unexpected token } in JSON at position 315
      at JSON.parse (<anonymous>)
      at /usr/local/lib/node_modules/yarn/lib/cli.js:1625:59
      at Generator.next (<anonymous>)
      at step (/usr/local/lib/node_modules/yarn/lib/cli.js:310:30)
      at /usr/local/lib/node_modules/yarn/lib/cli.js:321:13

npm manifest: 
  {
    "homepage": "http://winjingjie96.github.io/speedinterview",
    "name": "speedinterview",
    "version": "1.0.0",
    "description": "",
    "main": "index.js",
    "scripts": {
      "predeploy": "yarn run build",
      "deploy": "gh-pages -d build",
      "build": "postcss css/tailwind.css -o public/build/tailwind.css",
  
    },
  
    
    "repository": {
      "type": "git",
      "url": "git+https://github.com/winjingjie96/speedinterview.git"
    },
    "keywords": [],
    "author": "",
    "license": "ISC",
    "bugs": {
      "url": "https://github.com/winjingjie96/speedinterview/issues"
    },
    "dependencies": {
      "@tailwindcss/ui": "^0.1.3",
      "autoprefixer": "^9.7.4",
      "postcss-cli": "^7.1.0",
      "tailwindcss": "^1.2.0"
    },
    "devDependencies": {
      "gh-pages": "^2.2.0"
    }
  }

yarn manifest: 
  No manifest

Lockfile: 
  No lockfile
